<?xml version="1.0" encoding="UTF-8"?>
<!DOCTYPE suite SYSTEM "https://testng.org/testng-1.0.dtd">
<suite configfailurepolicy="continue" name="Browser Suite">
    <listeners>
        <listener class-name="com.auto.testng.AllureITestListener"/>
        <listener class-name="com.auto.testng.AllureTestLifecycleListener"/>

    </listeners>

    <test name="Test">
        <classes>
            <class name="com.auto.tests.GoogleSearchTest" />
        </classes>
    </test>

</suite>
